<?xml version="1.0" encoding="UTF-8"?>
<!-- Generated by org.testng.reporters.JUnitXMLReporter -->
<testsuite ignored="0" hostname="DESKTOP-AQF7BNU" failures="0" tests="48" name="Login test" time="11.414" errors="0" timestamp="2023-08-24T15:57:12 BDT">
  <testcase classname="com.test.LoginTestNG" name="@BeforeMethod gotologinpage" time="1.216">
    <failure type="org.openqa.selenium.WebDriverException" message="disconnected: received Inspector.detached event
  (failed to check if window was closed: disconnected: Unable to receive message from renderer)
  (Session info: chrome=116.0.5845.97)
Build info: version: &amp;apos;4.11.0&amp;apos;, revision: &amp;apos;040bc5406b&amp;apos;
System info: os.name: &amp;apos;Windows 10&amp;apos;, os.arch: &amp;apos;amd64&amp;apos;, os.version: &amp;apos;10.0&amp;apos;, java.version: &amp;apos;17.0.7&amp;apos;
Driver info: org.openqa.selenium.chrome.ChromeDriver
Command: [402ba9ebbd80f6020cd7173e674a5395, get {url=https://opensource-demo.orangehrmlive.com/web/index.php/auth/login}]
Capabilities {acceptInsecureCerts: false, browserName: chrome, browserVersion: 116.0.5845.97, chrome: {chromedriverVersion: 116.0.5845.96 (1a3918166880..., userDataDir: C:\Users\shobo\AppData\Loca...}, fedcm:accounts: true, goog:chromeOptions: {debuggerAddress: localhost:62455}, networkConnectionEnabled: false, pageLoadStrategy: normal, platformName: windows, proxy: Proxy(), se:cdp: ws://localhost:62455/devtoo..., se:cdpVersion: 116.0.5845.97, setWindowRect: true, strictFileInteractability: false, timeouts: {implicit: 0, pageLoad: 300000, script: 30000}, unhandledPromptBehavior: dismiss and notify, webauthn:extension:credBlob: true, webauthn:extension:largeBlob: true, webauthn:extension:minPinLength: true, webauthn:extension:prf: true, webauthn:virtualAuthenticators: true}
Session ID: 402ba9ebbd80f6020cd7173e674a5395">
      <![CDATA[org.openqa.selenium.WebDriverException: disconnected: received Inspector.detached event
  (failed to check if window was closed: disconnected: Unable to receive message from renderer)
  (Session info: chrome=116.0.5845.97)
Build info: version: '4.11.0', revision: '040bc5406b'
System info: os.name: 'Windows 10', os.arch: 'amd64', os.version: '10.0', java.version: '17.0.7'
Driver info: org.openqa.selenium.chrome.ChromeDriver
Command: [402ba9ebbd80f6020cd7173e674a5395, get {url=https://opensource-demo.orangehrmlive.com/web/index.php/auth/login}]
Capabilities {acceptInsecureCerts: false, browserName: chrome, browserVersion: 116.0.5845.97, chrome: {chromedriverVersion: 116.0.5845.96 (1a3918166880..., userDataDir: C:\Users\shobo\AppData\Loca...}, fedcm:accounts: true, goog:chromeOptions: {debuggerAddress: localhost:62455}, networkConnectionEnabled: false, pageLoadStrategy: normal, platformName: windows, proxy: Proxy(), se:cdp: ws://localhost:62455/devtoo..., se:cdpVersion: 116.0.5845.97, setWindowRect: true, strictFileInteractability: false, timeouts: {implicit: 0, pageLoad: 300000, script: 30000}, unhandledPromptBehavior: dismiss and notify, webauthn:extension:credBlob: true, webauthn:extension:largeBlob: true, webauthn:extension:minPinLength: true, webauthn:extension:prf: true, webauthn:virtualAuthenticators: true}
Session ID: 402ba9ebbd80f6020cd7173e674a5395
at java.base/jdk.internal.reflect.NativeConstructorAccessorImpl.newInstance0(Native Method)
at java.base/jdk.internal.reflect.NativeConstructorAccessorImpl.newInstance(NativeConstructorAccessorImpl.java:77)
at java.base/jdk.internal.reflect.DelegatingConstructorAccessorImpl.newInstance(DelegatingConstructorAccessorImpl.java:45)
at java.base/java.lang.reflect.Constructor.newInstanceWithCaller(Constructor.java:499)
at java.base/java.lang.reflect.Constructor.newInstance(Constructor.java:480)
at org.openqa.selenium.remote.codec.w3c.W3CHttpResponseCodec.createException(W3CHttpResponseCodec.java:200)
at org.openqa.selenium.remote.codec.w3c.W3CHttpResponseCodec.decode(W3CHttpResponseCodec.java:133)
at org.openqa.selenium.remote.codec.w3c.W3CHttpResponseCodec.decode(W3CHttpResponseCodec.java:52)
at org.openqa.selenium.remote.HttpCommandExecutor.execute(HttpCommandExecutor.java:191)
at org.openqa.selenium.remote.service.DriverCommandExecutor.invokeExecute(DriverCommandExecutor.java:196)
at org.openqa.selenium.remote.service.DriverCommandExecutor.execute(DriverCommandExecutor.java:171)
at org.openqa.selenium.remote.RemoteWebDriver.execute(RemoteWebDriver.java:518)
at org.openqa.selenium.remote.RemoteWebDriver.get(RemoteWebDriver.java:300)
at com.test.LoginTestNG.gotologinpage(LoginTestNG.java:30)
at java.base/jdk.internal.reflect.NativeMethodAccessorImpl.invoke0(Native Method)
at java.base/jdk.internal.reflect.NativeMethodAccessorImpl.invoke(NativeMethodAccessorImpl.java:77)
at java.base/jdk.internal.reflect.DelegatingMethodAccessorImpl.invoke(DelegatingMethodAccessorImpl.java:43)
at java.base/java.lang.reflect.Method.invoke(Method.java:568)
at org.testng.internal.invokers.MethodInvocationHelper.invokeMethod(MethodInvocationHelper.java:139)
at org.testng.internal.invokers.MethodInvocationHelper.invokeMethodConsideringTimeout(MethodInvocationHelper.java:69)
at org.testng.internal.invokers.ConfigInvoker.invokeConfigurationMethod(ConfigInvoker.java:390)
at org.testng.internal.invokers.ConfigInvoker.invokeConfigurations(ConfigInvoker.java:325)
at org.testng.internal.invokers.TestInvoker.runConfigMethods(TestInvoker.java:810)
at org.testng.internal.invokers.TestInvoker.invokeMethod(TestInvoker.java:577)
at org.testng.internal.invokers.TestInvoker.invokeTestMethod(TestInvoker.java:227)
at org.testng.internal.invokers.MethodRunner.runInSequence(MethodRunner.java:50)
at org.testng.internal.invokers.TestInvoker$MethodInvocationAgent.invoke(TestInvoker.java:957)
at org.testng.internal.invokers.TestInvoker.invokeTestMethods(TestInvoker.java:200)
at org.testng.internal.invokers.TestMethodWorker.invokeTestMethods(TestMethodWorker.java:148)
at org.testng.internal.invokers.TestMethodWorker.run(TestMethodWorker.java:128)
at java.base/java.util.ArrayList.forEach(ArrayList.java:1511)
at org.testng.TestRunner.privateRun(TestRunner.java:848)
at org.testng.TestRunner.run(TestRunner.java:621)
at org.testng.SuiteRunner.runTest(SuiteRunner.java:443)
at org.testng.SuiteRunner.runSequentially(SuiteRunner.java:437)
at org.testng.SuiteRunner.privateRun(SuiteRunner.java:397)
at org.testng.SuiteRunner.run(SuiteRunner.java:336)
at org.testng.SuiteRunnerWorker.runSuite(SuiteRunnerWorker.java:52)
at org.testng.SuiteRunnerWorker.run(SuiteRunnerWorker.java:95)
at org.testng.TestNG.runSuitesSequentially(TestNG.java:1280)
at org.testng.TestNG.runSuitesLocally(TestNG.java:1200)
at org.testng.TestNG.runSuites(TestNG.java:1114)
at org.testng.TestNG.run(TestNG.java:1082)
at org.testng.remote.AbstractRemoteTestNG.run(AbstractRemoteTestNG.java:115)
at org.testng.remote.RemoteTestNG.initAndRun(RemoteTestNG.java:251)
at org.testng.remote.RemoteTestNG.main(RemoteTestNG.java:77)
]]>
    </failure>
  </testcase> <!-- @BeforeMethod gotologinpage -->
  <testcase classname="com.test.LoginTestNG" name="@BeforeMethod gotologinpage" time="0.0">
    <skipped/>
  </testcase> <!-- @BeforeMethod gotologinpage -->
  <testcase classname="com.test.LoginTestNG" name="@BeforeMethod gotologinpage" time="0.0">
    <skipped/>
  </testcase> <!-- @BeforeMethod gotologinpage -->
  <testcase classname="com.test.LoginTestNG" name="@BeforeMethod gotologinpage" time="0.0">
    <skipped/>
  </testcase> <!-- @BeforeMethod gotologinpage -->
  <testcase classname="com.test.LoginTestNG" name="@BeforeMethod gotologinpage" time="0.0">
    <skipped/>
  </testcase> <!-- @BeforeMethod gotologinpage -->
  <testcase classname="com.test.LoginTestNG" name="@BeforeMethod gotologinpage" time="0.0">
    <skipped/>
  </testcase> <!-- @BeforeMethod gotologinpage -->
  <testcase classname="com.test.LoginTestNG" name="@BeforeMethod gotologinpage" time="0.0">
    <skipped/>
  </testcase> <!-- @BeforeMethod gotologinpage -->
  <testcase classname="com.test.LoginTestNG" name="@BeforeMethod gotologinpage" time="0.0">
    <skipped/>
  </testcase> <!-- @BeforeMethod gotologinpage -->
  <testcase classname="com.test.LoginTestNG" name="@BeforeMethod gotologinpage" time="0.0">
    <skipped/>
  </testcase> <!-- @BeforeMethod gotologinpage -->
  <testcase classname="com.test.LoginTestNG" name="@BeforeMethod gotologinpage" time="0.0">
    <skipped/>
  </testcase> <!-- @BeforeMethod gotologinpage -->
  <testcase classname="com.test.LoginTestNG" name="@BeforeMethod gotologinpage" time="0.0">
    <skipped/>
  </testcase> <!-- @BeforeMethod gotologinpage -->
  <testcase classname="com.test.LoginTestNG" name="@AfterClass tearDown" time="0.0">
    <skipped/>
  </testcase> <!-- @AfterClass tearDown -->
  <testcase classname="com.test.DashBoardPageTest" name="@BeforeClass setup" time="7.703">
    <failure type="org.openqa.selenium.TimeoutException" message="Expected condition failed: waiting for element to be clickable: By.name: username (tried for 5 second(s) with 500 milliseconds interval)">
      <![CDATA[org.openqa.selenium.TimeoutException: Expected condition failed: waiting for element to be clickable: By.name: username (tried for 5 second(s) with 500 milliseconds interval)
at org.openqa.selenium.support.ui.WebDriverWait.timeoutException(WebDriverWait.java:84)
at org.openqa.selenium.support.ui.FluentWait.until(FluentWait.java:230)
at com.test.DashBoardPageTest.setup(DashBoardPageTest.java:35)
at java.base/jdk.internal.reflect.NativeMethodAccessorImpl.invoke0(Native Method)
at java.base/jdk.internal.reflect.NativeMethodAccessorImpl.invoke(NativeMethodAccessorImpl.java:77)
at java.base/jdk.internal.reflect.DelegatingMethodAccessorImpl.invoke(DelegatingMethodAccessorImpl.java:43)
at java.base/java.lang.reflect.Method.invoke(Method.java:568)
at org.testng.internal.invokers.MethodInvocationHelper.invokeMethod(MethodInvocationHelper.java:139)
at org.testng.internal.invokers.MethodInvocationHelper.invokeMethodConsideringTimeout(MethodInvocationHelper.java:69)
at org.testng.internal.invokers.ConfigInvoker.invokeConfigurationMethod(ConfigInvoker.java:390)
at org.testng.internal.invokers.ConfigInvoker.invokeConfigurations(ConfigInvoker.java:325)
at org.testng.internal.invokers.TestMethodWorker.invokeBeforeClassMethods(TestMethodWorker.java:180)
at org.testng.internal.invokers.TestMethodWorker.run(TestMethodWorker.java:122)
at java.base/java.util.ArrayList.forEach(ArrayList.java:1511)
at org.testng.TestRunner.privateRun(TestRunner.java:848)
at org.testng.TestRunner.run(TestRunner.java:621)
at org.testng.SuiteRunner.runTest(SuiteRunner.java:443)
at org.testng.SuiteRunner.runSequentially(SuiteRunner.java:437)
at org.testng.SuiteRunner.privateRun(SuiteRunner.java:397)
at org.testng.SuiteRunner.run(SuiteRunner.java:336)
at org.testng.SuiteRunnerWorker.runSuite(SuiteRunnerWorker.java:52)
at org.testng.SuiteRunnerWorker.run(SuiteRunnerWorker.java:95)
at org.testng.TestNG.runSuitesSequentially(TestNG.java:1280)
at org.testng.TestNG.runSuitesLocally(TestNG.java:1200)
at org.testng.TestNG.runSuites(TestNG.java:1114)
at org.testng.TestNG.run(TestNG.java:1082)
at org.testng.remote.AbstractRemoteTestNG.run(AbstractRemoteTestNG.java:115)
at org.testng.remote.RemoteTestNG.initAndRun(RemoteTestNG.java:251)
at org.testng.remote.RemoteTestNG.main(RemoteTestNG.java:77)
Caused by: org.openqa.selenium.NoSuchWindowException: no such window: target window already closed
from unknown error: web view not found
  (Session info: chrome=116.0.5845.97)
Build info: version: '4.11.0', revision: '040bc5406b'
System info: os.name: 'Windows 10', os.arch: 'amd64', os.version: '10.0', java.version: '17.0.7'
Driver info: org.openqa.selenium.chrome.ChromeDriver
Command: [03b2e4b2f318393177d306b2da700efc, findElement {using=name, value=username}]
Capabilities {acceptInsecureCerts: false, browserName: chrome, browserVersion: 116.0.5845.97, chrome: {chromedriverVersion: 116.0.5845.96 (1a3918166880..., userDataDir: C:\Users\shobo\AppData\Loca...}, fedcm:accounts: true, goog:chromeOptions: {debuggerAddress: localhost:62472}, networkConnectionEnabled: false, pageLoadStrategy: normal, platformName: windows, proxy: Proxy(), se:cdp: ws://localhost:62472/devtoo..., se:cdpVersion: 116.0.5845.97, setWindowRect: true, strictFileInteractability: false, timeouts: {implicit: 0, pageLoad: 300000, script: 30000}, unhandledPromptBehavior: dismiss and notify, webauthn:extension:credBlob: true, webauthn:extension:largeBlob: true, webauthn:extension:minPinLength: true, webauthn:extension:prf: true, webauthn:virtualAuthenticators: true}
Session ID: 03b2e4b2f318393177d306b2da700efc
at java.base/jdk.internal.reflect.NativeConstructorAccessorImpl.newInstance0(Native Method)
at java.base/jdk.internal.reflect.NativeConstructorAccessorImpl.newInstance(NativeConstructorAccessorImpl.java:77)
at java.base/jdk.internal.reflect.DelegatingConstructorAccessorImpl.newInstance(DelegatingConstructorAccessorImpl.java:45)
at java.base/java.lang.reflect.Constructor.newInstanceWithCaller(Constructor.java:499)
at java.base/java.lang.reflect.Constructor.newInstance(Constructor.java:480)
at org.openqa.selenium.remote.codec.w3c.W3CHttpResponseCodec.createException(W3CHttpResponseCodec.java:200)
at org.openqa.selenium.remote.codec.w3c.W3CHttpResponseCodec.decode(W3CHttpResponseCodec.java:133)
at org.openqa.selenium.remote.codec.w3c.W3CHttpResponseCodec.decode(W3CHttpResponseCodec.java:52)
at org.openqa.selenium.remote.HttpCommandExecutor.execute(HttpCommandExecutor.java:191)
at org.openqa.selenium.remote.service.DriverCommandExecutor.invokeExecute(DriverCommandExecutor.java:196)
at org.openqa.selenium.remote.service.DriverCommandExecutor.execute(DriverCommandExecutor.java:171)
at org.openqa.selenium.remote.RemoteWebDriver.execute(RemoteWebDriver.java:518)
at org.openqa.selenium.remote.ElementLocation$ElementFinder$2.findElement(ElementLocation.java:165)
at org.openqa.selenium.remote.ElementLocation.findElement(ElementLocation.java:66)
at org.openqa.selenium.remote.RemoteWebDriver.findElement(RemoteWebDriver.java:355)
at org.openqa.selenium.remote.RemoteWebDriver.findElement(RemoteWebDriver.java:349)
at org.openqa.selenium.support.ui.ExpectedConditions$7.apply(ExpectedConditions.java:194)
at org.openqa.selenium.support.ui.ExpectedConditions$7.apply(ExpectedConditions.java:190)
at org.openqa.selenium.support.ui.ExpectedConditions$22.apply(ExpectedConditions.java:627)
at org.openqa.selenium.support.ui.ExpectedConditions$22.apply(ExpectedConditions.java:624)
at org.openqa.selenium.support.ui.FluentWait.until(FluentWait.java:205)
... 27 more
]]>
    </failure>
  </testcase> <!-- @BeforeClass setup -->
  <testcase classname="com.test.DashBoardPageTest" name="@AfterClass tearDown" time="0.0">
    <skipped/>
  </testcase> <!-- @AfterClass tearDown -->
  <testcase classname="com.test.LoginTestNG" name="testValidLogin" time="0.0">
    <skipped/>
  </testcase> <!-- testValidLogin -->
  <testcase classname="com.test.LoginTestNG" name="testlogin_InvalidUsername_And_ValidPassword" time="0.0">
    <skipped/>
  </testcase> <!-- testlogin_InvalidUsername_And_ValidPassword -->
  <testcase classname="com.test.LoginTestNG" name="testlogin_InvalidUsername_And_InvalidPassword" time="0.0">
    <skipped/>
  </testcase> <!-- testlogin_InvalidUsername_And_InvalidPassword -->
  <testcase classname="com.test.LoginTestNG" name="testlogin_ValidUsername_And_InvalidPassword" time="0.0">
    <skipped/>
  </testcase> <!-- testlogin_ValidUsername_And_InvalidPassword -->
  <testcase classname="com.test.LoginTestNG" name="testLogin_EmptyPassword" time="0.0">
    <skipped/>
  </testcase> <!-- testLogin_EmptyPassword -->
  <testcase classname="com.test.LoginTestNG" name="testLogin_EmptyUsername" time="0.001">
    <skipped/>
  </testcase> <!-- testLogin_EmptyUsername -->
  <testcase classname="com.test.LoginTestNG" name="testLogin_EmptyUsername_And_Password" time="0.0">
    <skipped/>
  </testcase> <!-- testLogin_EmptyUsername_And_Password -->
  <testcase classname="com.test.LoginTestNG" name="testAlertMessage_InvalidUsername" time="0.0">
    <skipped/>
  </testcase> <!-- testAlertMessage_InvalidUsername -->
  <testcase classname="com.test.LoginTestNG" name="testAlertMessage_InvalidPassword" time="0.0">
    <skipped/>
  </testcase> <!-- testAlertMessage_InvalidPassword -->
  <testcase classname="com.test.LoginTestNG" name="testEnterKeyAsLogin" time="0.0">
    <skipped/>
  </testcase> <!-- testEnterKeyAsLogin -->
  <testcase classname="com.test.LoginTestNG" name="testForgotPasswordRedirect" time="0.0">
    <skipped/>
  </testcase> <!-- testForgotPasswordRedirect -->
  <testcase classname="com.test.DashBoardPageTest" name="test_DashboardNavigation" time="0.0">
    <skipped/>
  </testcase> <!-- test_DashboardNavigation -->
  <testcase classname="com.test.DashBoardPageTest" name="test_Time_at_Work_BoardVisibility" time="0.0">
    <skipped/>
  </testcase> <!-- test_Time_at_Work_BoardVisibility -->
  <testcase classname="com.test.DashBoardPageTest" name="test_Stopwatch_IconRedirection" time="0.0">
    <skipped/>
  </testcase> <!-- test_Stopwatch_IconRedirection -->
  <testcase classname="com.test.DashBoardPageTest" name="test_My_Actions_BoardVisibility" time="0.0">
    <skipped/>
  </testcase> <!-- test_My_Actions_BoardVisibility -->
  <testcase classname="com.test.DashBoardPageTest" name="test_Quick_Launch_BoardVisibility" time="0.0">
    <skipped/>
  </testcase> <!-- test_Quick_Launch_BoardVisibility -->
  <testcase classname="com.test.DashBoardPageTest" name="test_Assign_Leave_IconVisibility_In_QuickLaunchBoard" time="0.0">
    <skipped/>
  </testcase> <!-- test_Assign_Leave_IconVisibility_In_QuickLaunchBoard -->
  <testcase classname="com.test.DashBoardPageTest" name="test_Assign_Leave_IconFunctionality" time="0.0">
    <skipped/>
  </testcase> <!-- test_Assign_Leave_IconFunctionality -->
  <testcase classname="com.test.DashBoardPageTest" name="test_Leave_List_IconVisibility_In_QuickLaunchBoard" time="0.0">
    <skipped/>
  </testcase> <!-- test_Leave_List_IconVisibility_In_QuickLaunchBoard -->
  <testcase classname="com.test.DashBoardPageTest" name="test_Leave_List_IconFunctionality" time="0.0">
    <skipped/>
  </testcase> <!-- test_Leave_List_IconFunctionality -->
  <testcase classname="com.test.DashBoardPageTest" name="test_Timesheets_IconVisibility_In_QuickLaunchBoard" time="0.0">
    <skipped/>
  </testcase> <!-- test_Timesheets_IconVisibility_In_QuickLaunchBoard -->
  <testcase classname="com.test.DashBoardPageTest" name="test_Timesheets_IconFunctionality" time="0.0">
    <skipped/>
  </testcase> <!-- test_Timesheets_IconFunctionality -->
  <testcase classname="com.test.DashBoardPageTest" name="test_Apply_Leave_IconVisibility_In_QuickLaunchBoard" time="0.0">
    <skipped/>
  </testcase> <!-- test_Apply_Leave_IconVisibility_In_QuickLaunchBoard -->
  <testcase classname="com.test.DashBoardPageTest" name="test_Apply_Leave_IconFunctionality" time="0.0">
    <skipped/>
  </testcase> <!-- test_Apply_Leave_IconFunctionality -->
  <testcase classname="com.test.DashBoardPageTest" name="test_My_Leave_IconVisibility_In_QuickLaunchBoard" time="0.0">
    <skipped/>
  </testcase> <!-- test_My_Leave_IconVisibility_In_QuickLaunchBoard -->
  <testcase classname="com.test.DashBoardPageTest" name="test_My_Leave_IconFunctionality" time="0.0">
    <skipped/>
  </testcase> <!-- test_My_Leave_IconFunctionality -->
  <testcase classname="com.test.DashBoardPageTest" name="test_My_Timesheet_IconVisibility_In_QuickLaunchBoard" time="0.0">
    <skipped/>
  </testcase> <!-- test_My_Timesheet_IconVisibility_In_QuickLaunchBoard -->
  <testcase classname="com.test.DashBoardPageTest" name="test_My_Timesheet_IconFunctionality" time="0.0">
    <skipped/>
  </testcase> <!-- test_My_Timesheet_IconFunctionality -->
  <testcase classname="com.test.DashBoardPageTest" name="test_Buzz_Latest_Posts_BoardVisibility" time="0.0">
    <skipped/>
  </testcase> <!-- test_Buzz_Latest_Posts_BoardVisibility -->
  <testcase classname="com.test.DashBoardPageTest" name="test_Employees_on_Leave_Today_BoardVisibility" time="0.0">
    <skipped/>
  </testcase> <!-- test_Employees_on_Leave_Today_BoardVisibility -->
  <testcase classname="com.test.DashBoardPageTest" name="test_Employee_Distribution_by_Sub_Unit_BoardVisibility" time="0.0">
    <skipped/>
  </testcase> <!-- test_Employee_Distribution_by_Sub_Unit_BoardVisibility -->
  <testcase classname="com.test.DashBoardPageTest" name="test_PieChart_Visibility_Within_Employee_Distribution_by_Sub_Unit_Board" time="0.0">
    <skipped/>
  </testcase> <!-- test_PieChart_Visibility_Within_Employee_Distribution_by_Sub_Unit_Board -->
  <testcase classname="com.test.DashBoardPageTest" name="test_Employee_Distribution_by_Location_BoardVisibility" time="0.0">
    <skipped/>
  </testcase> <!-- test_Employee_Distribution_by_Location_BoardVisibility -->
  <testcase classname="com.test.DashBoardPageTest" name="test_PieChart_Visibility_Within_Employee_Distribution_by_Location_Board" time="0.0">
    <skipped/>
  </testcase> <!-- test_PieChart_Visibility_Within_Employee_Distribution_by_Location_Board -->
  <testcase classname="com.test.DashBoardPageTest" name="test_ToggleBar_Functionality" time="0.0">
    <skipped/>
  </testcase> <!-- test_ToggleBar_Functionality -->
  <testcase classname="com.test.DashBoardPageTest" name="test_SearchBar_Functionality_in_Sidepanel" time="0.0">
    <skipped/>
  </testcase> <!-- test_SearchBar_Functionality_in_Sidepanel -->
  <testcase classname="com.test.DashBoardPageTest" name="test_Admin_MenuItem_Functionality" time="0.0">
    <skipped/>
  </testcase> <!-- test_Admin_MenuItem_Functionality -->
  <testcase classname="com.test.DashBoardPageTest" name="test_PIM_MenuItem_Functionality" time="0.0">
    <skipped/>
  </testcase> <!-- test_PIM_MenuItem_Functionality -->
  <testcase classname="com.test.DashBoardPageTest" name="test_Leave_MenuItem_Functionality" time="0.0">
    <skipped/>
  </testcase> <!-- test_Leave_MenuItem_Functionality -->
  <testcase classname="com.test.DashBoardPageTest" name="test_Time_MenuItem_Functionality" time="0.0">
    <skipped/>
  </testcase> <!-- test_Time_MenuItem_Functionality -->
  <testcase classname="com.test.DashBoardPageTest" name="test_Recruitment_MenuItem_Functionality" time="0.0">
    <skipped/>
  </testcase> <!-- test_Recruitment_MenuItem_Functionality -->
  <testcase classname="com.test.DashBoardPageTest" name="test_My_Info_MenuItem_Functionality" time="0.0">
    <skipped/>
  </testcase> <!-- test_My_Info_MenuItem_Functionality -->
  <testcase classname="com.test.DashBoardPageTest" name="test_Performance_MenuItem_Functionality" time="0.0">
    <skipped/>
  </testcase> <!-- test_Performance_MenuItem_Functionality -->
  <testcase classname="com.test.DashBoardPageTest" name="test_Directory_MenuItem_Functionality" time="0.0">
    <skipped/>
  </testcase> <!-- test_Directory_MenuItem_Functionality -->
  <testcase classname="com.test.DashBoardPageTest" name="test_Maintenance_MenuItem_Functionality" time="0.0">
    <skipped/>
  </testcase> <!-- test_Maintenance_MenuItem_Functionality -->
  <testcase classname="com.test.DashBoardPageTest" name="test_Claim_MenuItem_Functionality" time="0.0">
    <skipped/>
  </testcase> <!-- test_Claim_MenuItem_Functionality -->
  <testcase classname="com.test.DashBoardPageTest" name="test_Buzz_MenuItem_Functionality" time="0.0">
    <skipped/>
  </testcase> <!-- test_Buzz_MenuItem_Functionality -->
  <testcase classname="com.test.DashBoardPageTest" name="test_SearchBar_Functionality_in_Sidepanel_While_Toggled" time="0.0">
    <skipped/>
  </testcase> <!-- test_SearchBar_Functionality_in_Sidepanel_While_Toggled -->
</testsuite> <!-- Login test -->
