<?xml version="1.0" encoding="UTF-8"?>
<!-- Generated by org.testng.reporters.JUnitXMLReporter -->
<testsuite ignored="0" hostname="DESKTOP-AQF7BNU" failures="1" tests="48" name="Login and Home page test" time="144.889" errors="0" timestamp="2023-08-24T16:00:40 BDT">
  <testcase classname="com.test.LoginTestNG" name="testValidLogin" time="5.526"/>
  <testcase classname="com.test.LoginTestNG" name="testlogin_InvalidUsername_And_ValidPassword" time="3.903"/>
  <testcase classname="com.test.LoginTestNG" name="testlogin_InvalidUsername_And_InvalidPassword" time="3.818"/>
  <testcase classname="com.test.LoginTestNG" name="testlogin_ValidUsername_And_InvalidPassword" time="3.81"/>
  <testcase classname="com.test.LoginTestNG" name="testLogin_EmptyPassword" time="3.841"/>
  <testcase classname="com.test.LoginTestNG" name="testLogin_EmptyUsername" time="3.953"/>
  <testcase classname="com.test.LoginTestNG" name="testLogin_EmptyUsername_And_Password" time="3.831"/>
  <testcase classname="com.test.LoginTestNG" name="testAlertMessage_InvalidUsername" time="3.826"/>
  <testcase classname="com.test.LoginTestNG" name="testAlertMessage_InvalidPassword" time="3.845"/>
  <testcase classname="com.test.LoginTestNG" name="testEnterKeyAsLogin" time="0.651"/>
  <testcase classname="com.test.LoginTestNG" name="testForgotPasswordRedirect" time="1.183"/>
  <testcase classname="com.test.DashBoardPageTest" name="test_DashboardNavigation" time="0.033"/>
  <testcase classname="com.test.DashBoardPageTest" name="test_Time_at_Work_BoardVisibility" time="0.028"/>
  <testcase classname="com.test.DashBoardPageTest" name="test_Stopwatch_IconRedirection" time="2.45"/>
  <testcase classname="com.test.DashBoardPageTest" name="test_My_Actions_BoardVisibility" time="0.588"/>
  <testcase classname="com.test.DashBoardPageTest" name="test_Quick_Launch_BoardVisibility" time="0.058"/>
  <testcase classname="com.test.DashBoardPageTest" name="test_Assign_Leave_IconVisibility_In_QuickLaunchBoard" time="0.577"/>
  <testcase classname="com.test.DashBoardPageTest" name="test_Assign_Leave_IconFunctionality" time="2.144"/>
  <testcase classname="com.test.DashBoardPageTest" name="test_Leave_List_IconVisibility_In_QuickLaunchBoard" time="1.115"/>
  <testcase classname="com.test.DashBoardPageTest" name="test_Leave_List_IconFunctionality" time="2.971"/>
  <testcase classname="com.test.DashBoardPageTest" name="test_Timesheets_IconVisibility_In_QuickLaunchBoard" time="1.695"/>
  <testcase classname="com.test.DashBoardPageTest" name="test_Timesheets_IconFunctionality" time="1.721"/>
  <testcase classname="com.test.DashBoardPageTest" name="test_Apply_Leave_IconVisibility_In_QuickLaunchBoard" time="1.693"/>
  <testcase classname="com.test.DashBoardPageTest" name="test_Apply_Leave_IconFunctionality" time="2.167"/>
  <testcase classname="com.test.DashBoardPageTest" name="test_My_Leave_IconVisibility_In_QuickLaunchBoard" time="1.101"/>
  <testcase classname="com.test.DashBoardPageTest" name="test_My_Leave_IconFunctionality" time="2.375"/>
  <testcase classname="com.test.DashBoardPageTest" name="test_My_Timesheet_IconVisibility_In_QuickLaunchBoard" time="1.215"/>
  <testcase classname="com.test.DashBoardPageTest" name="test_My_Timesheet_IconFunctionality" time="1.892"/>
  <testcase classname="com.test.DashBoardPageTest" name="test_Buzz_Latest_Posts_BoardVisibility" time="0.594"/>
  <testcase classname="com.test.DashBoardPageTest" name="test_Employees_on_Leave_Today_BoardVisibility" time="0.021"/>
  <testcase classname="com.test.DashBoardPageTest" name="test_Employee_Distribution_by_Sub_Unit_BoardVisibility" time="0.021"/>
  <testcase classname="com.test.DashBoardPageTest" name="test_PieChart_Visibility_Within_Employee_Distribution_by_Sub_Unit_Board" time="1.09"/>
  <testcase classname="com.test.DashBoardPageTest" name="test_Employee_Distribution_by_Location_BoardVisibility" time="0.03"/>
  <testcase classname="com.test.DashBoardPageTest" name="test_PieChart_Visibility_Within_Employee_Distribution_by_Location_Board" time="0.036"/>
  <testcase classname="com.test.DashBoardPageTest" name="test_ToggleBar_Functionality" time="0.16"/>
  <testcase classname="com.test.DashBoardPageTest" name="test_SearchBar_Functionality_in_Sidepanel" time="0.154"/>
  <testcase classname="com.test.DashBoardPageTest" name="test_Admin_MenuItem_Functionality" time="2.524"/>
  <testcase classname="com.test.DashBoardPageTest" name="test_PIM_MenuItem_Functionality" time="3.666"/>
  <testcase classname="com.test.DashBoardPageTest" name="test_Leave_MenuItem_Functionality" time="6.58"/>
  <testcase classname="com.test.DashBoardPageTest" name="test_Time_MenuItem_Functionality" time="3.932"/>
  <testcase classname="com.test.DashBoardPageTest" name="test_Recruitment_MenuItem_Functionality" time="3.613"/>
  <testcase classname="com.test.DashBoardPageTest" name="test_My_Info_MenuItem_Functionality" time="4.126"/>
  <testcase classname="com.test.DashBoardPageTest" name="test_Performance_MenuItem_Functionality" time="3.712"/>
  <testcase classname="com.test.DashBoardPageTest" name="test_Directory_MenuItem_Functionality" time="3.011"/>
  <testcase classname="com.test.DashBoardPageTest" name="test_Maintenance_MenuItem_Functionality" time="2.415"/>
  <testcase classname="com.test.DashBoardPageTest" name="test_Claim_MenuItem_Functionality" time="2.453"/>
  <testcase classname="com.test.DashBoardPageTest" name="test_Buzz_MenuItem_Functionality" time="2.741"/>
  <testcase classname="com.test.DashBoardPageTest" name="test_SearchBar_Functionality_in_Sidepanel_While_Toggled" time="0.787">
    <failure type="org.openqa.selenium.ElementNotInteractableException" message="element not interactable
  (Session info: chrome=116.0.5845.97)
Build info: version: &amp;apos;4.11.0&amp;apos;, revision: &amp;apos;040bc5406b&amp;apos;
System info: os.name: &amp;apos;Windows 10&amp;apos;, os.arch: &amp;apos;amd64&amp;apos;, os.version: &amp;apos;10.0&amp;apos;, java.version: &amp;apos;17.0.7&amp;apos;
Driver info: org.openqa.selenium.chrome.ChromeDriver
Command: [d21b116b0e951927066970a8aaa0826f, sendKeysToElement {id=58B5F7546755FD58846E7CDE4DD93B4F_element_758, value=[Ljava.lang.CharSequence;@4863c8ac}]
Capabilities {acceptInsecureCerts: false, browserName: chrome, browserVersion: 116.0.5845.97, chrome: {chromedriverVersion: 116.0.5845.96 (1a3918166880..., userDataDir: C:\Users\shobo\AppData\Loca...}, fedcm:accounts: true, goog:chromeOptions: {debuggerAddress: localhost:62591}, networkConnectionEnabled: false, pageLoadStrategy: normal, platformName: windows, proxy: Proxy(), se:cdp: ws://localhost:62591/devtoo..., se:cdpVersion: 116.0.5845.97, setWindowRect: true, strictFileInteractability: false, timeouts: {implicit: 0, pageLoad: 300000, script: 30000}, unhandledPromptBehavior: dismiss and notify, webauthn:extension:credBlob: true, webauthn:extension:largeBlob: true, webauthn:extension:minPinLength: true, webauthn:extension:prf: true, webauthn:virtualAuthenticators: true}
Element: [[ChromeDriver: chrome on windows (d21b116b0e951927066970a8aaa0826f)] -&amp;gt; xpath: //*[@id=&amp;quot;app&amp;quot;]/div[1]/div[1]/aside/nav/div[2]/div/div]
Session ID: d21b116b0e951927066970a8aaa0826f">
      <![CDATA[org.openqa.selenium.ElementNotInteractableException: element not interactable
  (Session info: chrome=116.0.5845.97)
Build info: version: '4.11.0', revision: '040bc5406b'
System info: os.name: 'Windows 10', os.arch: 'amd64', os.version: '10.0', java.version: '17.0.7'
Driver info: org.openqa.selenium.chrome.ChromeDriver
Command: [d21b116b0e951927066970a8aaa0826f, sendKeysToElement {id=58B5F7546755FD58846E7CDE4DD93B4F_element_758, value=[Ljava.lang.CharSequence;@4863c8ac}]
Capabilities {acceptInsecureCerts: false, browserName: chrome, browserVersion: 116.0.5845.97, chrome: {chromedriverVersion: 116.0.5845.96 (1a3918166880..., userDataDir: C:\Users\shobo\AppData\Loca...}, fedcm:accounts: true, goog:chromeOptions: {debuggerAddress: localhost:62591}, networkConnectionEnabled: false, pageLoadStrategy: normal, platformName: windows, proxy: Proxy(), se:cdp: ws://localhost:62591/devtoo..., se:cdpVersion: 116.0.5845.97, setWindowRect: true, strictFileInteractability: false, timeouts: {implicit: 0, pageLoad: 300000, script: 30000}, unhandledPromptBehavior: dismiss and notify, webauthn:extension:credBlob: true, webauthn:extension:largeBlob: true, webauthn:extension:minPinLength: true, webauthn:extension:prf: true, webauthn:virtualAuthenticators: true}
Element: [[ChromeDriver: chrome on windows (d21b116b0e951927066970a8aaa0826f)] -> xpath: //*[@id="app"]/div[1]/div[1]/aside/nav/div[2]/div/div]
Session ID: d21b116b0e951927066970a8aaa0826f
at java.base/jdk.internal.reflect.NativeConstructorAccessorImpl.newInstance0(Native Method)
at java.base/jdk.internal.reflect.NativeConstructorAccessorImpl.newInstance(NativeConstructorAccessorImpl.java:77)
at java.base/jdk.internal.reflect.DelegatingConstructorAccessorImpl.newInstance(DelegatingConstructorAccessorImpl.java:45)
at java.base/java.lang.reflect.Constructor.newInstanceWithCaller(Constructor.java:499)
at java.base/java.lang.reflect.Constructor.newInstance(Constructor.java:480)
at org.openqa.selenium.remote.codec.w3c.W3CHttpResponseCodec.createException(W3CHttpResponseCodec.java:200)
at org.openqa.selenium.remote.codec.w3c.W3CHttpResponseCodec.decode(W3CHttpResponseCodec.java:133)
at org.openqa.selenium.remote.codec.w3c.W3CHttpResponseCodec.decode(W3CHttpResponseCodec.java:52)
at org.openqa.selenium.remote.HttpCommandExecutor.execute(HttpCommandExecutor.java:191)
at org.openqa.selenium.remote.service.DriverCommandExecutor.invokeExecute(DriverCommandExecutor.java:196)
at org.openqa.selenium.remote.service.DriverCommandExecutor.execute(DriverCommandExecutor.java:171)
at org.openqa.selenium.remote.RemoteWebDriver.execute(RemoteWebDriver.java:518)
at org.openqa.selenium.remote.RemoteWebElement.execute(RemoteWebElement.java:224)
at org.openqa.selenium.remote.RemoteWebElement.sendKeys(RemoteWebElement.java:111)
at com.test.DashBoardPageTest.test_SearchBar_Functionality_in_Sidepanel_While_Toggled(DashBoardPageTest.java:791)
at java.base/jdk.internal.reflect.NativeMethodAccessorImpl.invoke0(Native Method)
at java.base/jdk.internal.reflect.NativeMethodAccessorImpl.invoke(NativeMethodAccessorImpl.java:77)
at java.base/jdk.internal.reflect.DelegatingMethodAccessorImpl.invoke(DelegatingMethodAccessorImpl.java:43)
at java.base/java.lang.reflect.Method.invoke(Method.java:568)
at org.testng.internal.invokers.MethodInvocationHelper.invokeMethod(MethodInvocationHelper.java:139)
at org.testng.internal.invokers.TestInvoker.invokeMethod(TestInvoker.java:664)
at org.testng.internal.invokers.TestInvoker.invokeTestMethod(TestInvoker.java:227)
at org.testng.internal.invokers.MethodRunner.runInSequence(MethodRunner.java:50)
at org.testng.internal.invokers.TestInvoker$MethodInvocationAgent.invoke(TestInvoker.java:957)
at org.testng.internal.invokers.TestInvoker.invokeTestMethods(TestInvoker.java:200)
at org.testng.internal.invokers.TestMethodWorker.invokeTestMethods(TestMethodWorker.java:148)
at org.testng.internal.invokers.TestMethodWorker.run(TestMethodWorker.java:128)
at java.base/java.util.ArrayList.forEach(ArrayList.java:1511)
at org.testng.TestRunner.privateRun(TestRunner.java:848)
at org.testng.TestRunner.run(TestRunner.java:621)
at org.testng.SuiteRunner.runTest(SuiteRunner.java:443)
at org.testng.SuiteRunner.runSequentially(SuiteRunner.java:437)
at org.testng.SuiteRunner.privateRun(SuiteRunner.java:397)
at org.testng.SuiteRunner.run(SuiteRunner.java:336)
at org.testng.SuiteRunnerWorker.runSuite(SuiteRunnerWorker.java:52)
at org.testng.SuiteRunnerWorker.run(SuiteRunnerWorker.java:95)
at org.testng.TestNG.runSuitesSequentially(TestNG.java:1280)
at org.testng.TestNG.runSuitesLocally(TestNG.java:1200)
at org.testng.TestNG.runSuites(TestNG.java:1114)
at org.testng.TestNG.run(TestNG.java:1082)
at org.testng.remote.AbstractRemoteTestNG.run(AbstractRemoteTestNG.java:115)
at org.testng.remote.RemoteTestNG.initAndRun(RemoteTestNG.java:251)
at org.testng.remote.RemoteTestNG.main(RemoteTestNG.java:77)
]]>
    </failure>
  </testcase> <!-- test_SearchBar_Functionality_in_Sidepanel_While_Toggled -->
</testsuite> <!-- Login and Home page test -->
